<?xml version="1.0" encoding="UTF-8"?>
<!-- Generated by org.testng.reporters.JUnitReportReporter -->
<testsuite hostname="DESKTOP-1CU3V42" failures="0" tests="1" name="testapp.Appium" time="46.452" errors="0" timestamp="2024-01-02T17:28:54 EET" skipped="0">
  <testcase classname="testapp.Appium" name="TestTheBrowser" time="46.452"/>
  <system-out/>
</testsuite> <!-- testapp.Appium -->
